write(3, "\1\0\0\0\0\0\0\0", 8)         = 8
fcntl(8, F_SETFD, FD_CLOEXEC)           = 0
read(8, "<?xml version=\"1.0\" encoding=\"ut"..., 16384) = 2818
read(8, "", 13566)                      = 0
close(8)                                = 0
fcntl(8, F_SETFD, FD_CLOEXEC)           = 0
read(8, "<?xml version=\"1.0\" encoding=\"ut"..., 16384) = 2818
read(8, "", 13566)                      = 0
close(8)                                = 0
pselect6(4, [3], [], [], {0, 0}, {NULL, 8}) = 1 (in [3], left {0, 0})
read(3, "\1\0\0\0\0\0\0\0", 8)          = 8
write(3, "\1\0\0\0\0\0\0\0", 8)         = 8
write(1, "STATUS: success\n", 16STATUS: success
)       = 16
write(1, "<!DOCTYPE html><html><head>\n  </"..., 66<!DOCTYPE html><html><head>
  </head>
  <body>
  

</body></html>
) = 66
mprotect(0x7f697113f000, 4096, PROT_READ|PROT_WRITE|PROT_EXEC) = 0
madvise(0x7f697113f000, 4096, MADV_WILLNEED) = 0
mprotect(0x7f6971140000, 4096, PROT_READ|PROT_WRITE|PROT_EXEC) = 0
madvise(0x7f6971140000, 4096, MADV_WILLNEED) = 0
write(6, "\1\0\0\0\0\0\0\0", 8)         = 8
futex(0x6689340, FUTEX_WAKE_PRIVATE, 1) = 1
write(4, "\1\0\0\0\0\0\0\0", 8)         = 8
munmap(0x7f69b3b9b000, 266240)          = 0
read(4, "0\n", 8192)                    = 2
close(4)                                = 0
close(3)                                = 0
close(5)                                = 0
munmap(0x7f697091b000, 132684)          = 0
exit_group(0)                           = ?
+++ exited with 0 +++
http-server stopped.
