Serving "." at http://127.0.0.1:8080
Ready for changes
Running PhantomJS as: /.../wsl-websocket-crash-demo/phantomjs --debug=true /.../wsl-websocket-crash-demo/visit-site.js
2017-06-04T11:18:52 [DEBUG] CookieJar - Created but will not store cookies (use option '--cookies-file=<filename>' to enable persistent cookie storage)
2017-06-04T11:18:52 [DEBUG] Set  "http"  proxy to:  "" : 1080
2017-06-04T11:18:52 [DEBUG] Phantom - execute: Configuration
2017-06-04T11:18:52 [DEBUG]      0 objectName : ""
2017-06-04T11:18:52 [DEBUG]      1 cookiesFile : ""
2017-06-04T11:18:52 [DEBUG]      2 diskCacheEnabled : "false"
2017-06-04T11:18:52 [DEBUG]      3 maxDiskCacheSize : "-1"
2017-06-04T11:18:52 [DEBUG]      4 diskCachePath : ""
2017-06-04T11:18:52 [DEBUG]      5 ignoreSslErrors : "false"
2017-06-04T11:18:52 [DEBUG]      6 localUrlAccessEnabled : "true"
2017-06-04T11:18:52 [DEBUG]      7 localToRemoteUrlAccessEnabled : "false"
2017-06-04T11:18:52 [DEBUG]      8 outputEncoding : "UTF-8"
2017-06-04T11:18:52 [DEBUG]      9 proxyType : "http"
2017-06-04T11:18:52 [DEBUG]      10 proxy : ":1080"
2017-06-04T11:18:52 [DEBUG]      11 proxyAuth : ":"
2017-06-04T11:18:52 [DEBUG]      12 scriptEncoding : "UTF-8"
2017-06-04T11:18:52 [DEBUG]      13 webSecurityEnabled : "true"
2017-06-04T11:18:52 [DEBUG]      14 offlineStoragePath : ""
2017-06-04T11:18:52 [DEBUG]      15 localStoragePath : ""
2017-06-04T11:18:52 [DEBUG]      16 localStorageDefaultQuota : "-1"
2017-06-04T11:18:52 [DEBUG]      17 offlineStorageDefaultQuota : "-1"
2017-06-04T11:18:52 [DEBUG]      18 printDebugMessages : "true"
2017-06-04T11:18:52 [DEBUG]      19 javascriptCanOpenWindows : "true"
2017-06-04T11:18:52 [DEBUG]      20 javascriptCanCloseWindows : "true"
2017-06-04T11:18:52 [DEBUG]      21 sslProtocol : "default"
2017-06-04T11:18:52 [DEBUG]      22 sslCiphers : "ECDHE-ECDSA-AES128-GCM-SHA256:ECDHE-RSA-AES128-GCM-SHA256:DHE-RSA-AES128-GCM-SHA256:ECDHE-ECDSA-AES256-SHA:ECDHE-ECDSA-AES128-SHA:ECDHE-RSA-AES128-SHA:ECDHE-RSA-AES256-SHA:ECDHE-ECDSA-RC4-SHA:ECDHE-RSA-RC4-SHA:DHE-RSA-AES128-SHA:DHE-DSS-AES128-SHA:DHE-RSA-AES256-SHA:AES128-GCM-SHA256:AES128-SHA:AES256-SHA:DES-CBC3-SHA:RC4-SHA:RC4-MD5"
2017-06-04T11:18:52 [DEBUG]      23 sslCertificatesPath : ""
2017-06-04T11:18:52 [DEBUG]      24 sslClientCertificateFile : ""
2017-06-04T11:18:52 [DEBUG]      25 sslClientKeyFile : ""
2017-06-04T11:18:52 [DEBUG]      26 sslClientKeyPassphrase : ""
2017-06-04T11:18:52 [DEBUG]      27 webdriver : ":"
2017-06-04T11:18:52 [DEBUG]      28 webdriverLogFile : ""
2017-06-04T11:18:52 [DEBUG]      29 webdriverLogLevel : "INFO"
2017-06-04T11:18:52 [DEBUG]      30 webdriverSeleniumGridHub : ""
2017-06-04T11:18:52 [DEBUG] Phantom - execute: Script & Arguments
2017-06-04T11:18:52 [DEBUG]      script: "/.../wsl-websocket-crash-demo/visit-site.js"
2017-06-04T11:18:52 [DEBUG] Phantom - execute: Starting normal mode
2017-06-04T11:18:52 [DEBUG] WebPage - setupFrame ""
2017-06-04T11:18:52 [DEBUG] FileSystem - _open: ":/modules/fs.js" QMap(("mode", QVariant(QString, "r")))
2017-06-04T11:18:52 [DEBUG] FileSystem - _open: ":/modules/system.js" QMap(("mode", QVariant(QString, "r")))
2017-06-04T11:18:52 [DEBUG] FileSystem - _open: ":/modules/webpage.js" QMap(("mode", QVariant(QString, "r")))
2017-06-04T11:18:52 [DEBUG] WebPage - updateLoadingProgress: 10
2017-06-04T11:18:52 [DEBUG] WebPage - updateLoadingProgress: 50
2017-06-04T11:18:52 [DEBUG] WebPage - setupFrame ""
ASSERTION FAILED: handle == m_handle
Modules/websockets/WebSocketChannel.cpp(257) : virtual void WebCore::WebSocketChannel::didOpenSocketStream(WebCore::SocketStreamHandle*)
1   0x7f66721edf6b /.../wsl-websocket-crash-demo/phantomjs(+0x21edf6b) [0x7f66721edf6b]
2   0x7f667107f702 /.../wsl-websocket-crash-demo/phantomjs(+0x107f702) [0x7f667107f702]
3   0x7f6671098158 /.../mbland/wsl-websocket-crash-demo/phantomjs(+0x1098158) [0x7f6671098158]
4   0x7f667109931d /.../mbland/wsl-websocket-crash-demo/phantomjs(+0x109931d) [0x7f667109931d]
5   0x7f667294484e /.../mbland/wsl-websocket-crash-demo/phantomjs(+0x294484e) [0x7f667294484e]
6   0x7f667294403e /.../mbland/wsl-websocket-crash-demo/phantomjs(+0x294403e) [0x7f667294403e]
7   0x7f66726b5b23 /.../mbland/wsl-websocket-crash-demo/phantomjs(+0x26b5b23) [0x7f66726b5b23]
8   0x7f66726b1a10 /.../mbland/wsl-websocket-crash-demo/phantomjs(+0x26b1a10) [0x7f66726b1a10]
9   0x7f66726b1177 /.../mbland/wsl-websocket-crash-demo/phantomjs(+0x26b1177) [0x7f66726b1177]
10  0x7f66726b0ef9 /.../mbland/wsl-websocket-crash-demo/phantomjs(+0x26b0ef9) [0x7f66726b0ef9]
11  0x7f66726b2711 /.../mbland/wsl-websocket-crash-demo/phantomjs(+0x26b2711) [0x7f66726b2711]
12  0x7f6671097aa6 /.../mbland/wsl-websocket-crash-demo/phantomjs(+0x1097aa6) [0x7f6671097aa6]
13  0x7f6671098cc1 /.../mbland/wsl-websocket-crash-demo/phantomjs(+0x1098cc1) [0x7f6671098cc1]
14  0x7f667107e2c0 /.../mbland/wsl-websocket-crash-demo/phantomjs(+0x107e2c0) [0x7f667107e2c0]
15  0x7f667107e91c /.../mbland/wsl-websocket-crash-demo/phantomjs(+0x107e91c) [0x7f667107e91c]
16  0x7f667107b899 /.../mbland/wsl-websocket-crash-demo/phantomjs(+0x107b899) [0x7f667107b899]
17  0x7f667107abf7 /.../mbland/wsl-websocket-crash-demo/phantomjs(+0x107abf7) [0x7f667107abf7]
18  0x7f667107aaba /.../mbland/wsl-websocket-crash-demo/phantomjs(+0x107aaba) [0x7f667107aaba]
19  0x7f667111eaf0 /.../mbland/wsl-websocket-crash-demo/phantomjs(+0x111eaf0) [0x7f667111eaf0]
20  0x7f667111f2a6 /.../mbland/wsl-websocket-crash-demo/phantomjs(+0x111f2a6) [0x7f667111f2a6]
21  0x7f667209b034 /.../mbland/wsl-websocket-crash-demo/phantomjs(+0x209b034) [0x7f667209b034]
22  0x7f667209d66a /.../mbland/wsl-websocket-crash-demo/phantomjs(+0x209d66a) [0x7f667209d66a]
23  0x7f667209daf3 /.../mbland/wsl-websocket-crash-demo/phantomjs(+0x209daf3) [0x7f667209daf3]
24  0x7f667209b24d /.../mbland/wsl-websocket-crash-demo/phantomjs(+0x209b24d) [0x7f667209b24d]
25  0x7f667457da9a /.../mbland/wsl-websocket-crash-demo/phantomjs(+0x457da9a) [0x7f667457da9a]
PhantomJS has crashed. Please read the bug reporting guide at
<http://phantomjs.org/bug-reporting.html> and file a bug report.
/.../wsl-websocket-crash-demo/run-demo: line 79: 25547 Segmentation fault      (core dumped) "${PHANTOMJS_CMD[@]}"
