write(6, "\1\0\0\0\0\0\0\0", 8)         = 8
[Sun Jun 04 2017 11:18:49 GMT-0400 (DST)] "GET /" "Mozilla/5.0 (Unknown; Linux x86_64) AppleWebKit/538.1 (KHTML, like Gecko) PhantomJS/2.1.1 Safari/538.1"
pselect6(4, [3], [], [], {0, 0}, {NULL, 8}) = 1 (in [3], left {0, 0})
read(3, "\1\0\0\0\0\0\0\0", 8)          = 8
write(3, "\1\0\0\0\0\0\0\0", 8)         = 8
fcntl(8, F_SETFD, FD_CLOEXEC)           = 0
read(8, "<?xml version=\"1.0\" encoding=\"ut"..., 16384) = 2719
read(8, "", 13665)                      = 0
close(8)                                = 0
fcntl(8, F_SETFD, FD_CLOEXEC)           = 0
read(8, "<?xml version=\"1.0\" encoding=\"ut"..., 16384) = 2719
read(8, "", 13665)                      = 0
close(8)                                = 0
pselect6(4, [3], [], [], {0, 0}, {NULL, 8}) = 1 (in [3], left {0, 0})
read(3, "\1\0\0\0\0\0\0\0", 8)          = 8
write(3, "\1\0\0\0\0\0\0\0", 8)         = 8
write(1, "STATUS: success\n", 16STATUS: success
)       = 16
write(1, "<!DOCTYPE html><html><head>\n  </"..., 66<!DOCTYPE html><html><head>
  </head>
  <body>
  

</body></html>
) = 66
mprotect(0x7fdaf9422000, 4096, PROT_READ|PROT_WRITE|PROT_EXEC) = 0
madvise(0x7fdaf9422000, 4096, MADV_WILLNEED) = 0
mprotect(0x7fdaf9423000, 4096, PROT_READ|PROT_WRITE|PROT_EXEC) = 0
madvise(0x7fdaf9423000, 4096, MADV_WILLNEED) = 0
write(6, "\1\0\0\0\0\0\0\0", 8)         = 8
futex(0x7fffd3c9c450, FUTEX_WAKE_PRIVATE, 1) = 1
write(4, "\1\0\0\0\0\0\0\0", 8)         = 8
munmap(0x7fdb39430000, 266240)          = 0
time(NULL)                              = 1496589529
close(3)                                = 0
close(5)                                = 0
munmap(0x7fdb394b2000, 120500)          = 0
write(2, "LEAK: 16 WebCoreNode\n", 21LEAK: 16 WebCoreNode
)  = 21
exit_group(0)                           = ?
+++ exited with 0 +++
http-server stopped.
